Build started 6/22/2019 2:29:34 PM.
     1>Project "C:\Users\buico\Desktop\DOAN_OOP\TMP\TMP.vcxproj" on node 2 (Build target(s)).
     1>ClCompile:
         C:\Program Files (x86)\Microsoft Visual Studio 12.0\VC\bin\CL.exe /c /ZI /nologo /W3 /WX- /sdl /Od /Oy- /D _MBCS /Gm /EHsc /RTC1 /MDd /GS /fp:precise /Zc:wchar_t /Zc:forScope /Fo"Debug\\" /Fd"Debug\vc120.pdb" /Gd /TP /analyze- /errorReport:prompt QuanLy.cpp
         QuanLy.cpp
     1>c:\users\buico\desktop\doan_oop\tmp\quanly.cpp(110): warning C4018: '<' : signed/unsigned mismatch
     1>c:\users\buico\desktop\doan_oop\tmp\quanly.cpp(227): warning C4018: '<' : signed/unsigned mismatch
     1>c:\users\buico\desktop\doan_oop\tmp\quanly.cpp(261): warning C4018: '<' : signed/unsigned mismatch
     1>c:\users\buico\desktop\doan_oop\tmp\quanly.cpp(359): warning C4018: '<' : signed/unsigned mismatch
     1>c:\users\buico\desktop\doan_oop\tmp\quanly.cpp(369): warning C4018: '<' : signed/unsigned mismatch
     1>c:\users\buico\desktop\doan_oop\tmp\quanly.cpp(379): warning C4018: '<' : signed/unsigned mismatch
     1>c:\users\buico\desktop\doan_oop\tmp\quanly.cpp(406): warning C4018: '<' : signed/unsigned mismatch
     1>c:\users\buico\desktop\doan_oop\tmp\quanly.cpp(642): warning C4018: '<' : signed/unsigned mismatch
     1>c:\users\buico\desktop\doan_oop\tmp\quanly.cpp(656): warning C4244: 'initializing' : conversion from 'double' to 'float', possible loss of data
       Link:
         C:\Program Files (x86)\Microsoft Visual Studio 12.0\VC\bin\link.exe /ERRORREPORT:PROMPT /OUT:"C:\Users\buico\Desktop\DOAN_OOP\Debug\TMP.exe" /INCREMENTAL /NOLOGO kernel32.lib user32.lib gdi32.lib winspool.lib comdlg32.lib advapi32.lib shell32.lib ole32.lib oleaut32.lib uuid.lib odbc32.lib odbccp32.lib /MANIFEST /MANIFESTUAC:"level='asInvoker' uiAccess='false'" /manifest:embed /DEBUG /PDB:"C:\Users\buico\Desktop\DOAN_OOP\Debug\TMP.pdb" /TLBID:1 /DYNAMICBASE /NXCOMPAT /IMPLIB:"C:\Users\buico\Desktop\DOAN_OOP\Debug\TMP.lib" /MACHINE:X86 Debug\console.obj
         Debug\Diem.obj
         Debug\MonHoc.obj
         Debug\NgaySinh.obj
         Debug\QuanLy.obj
         Debug\SinhVien.obj
         Debug\Source.obj
         TMP.vcxproj -> C:\Users\buico\Desktop\DOAN_OOP\Debug\TMP.exe
     1>Done Building Project "C:\Users\buico\Desktop\DOAN_OOP\TMP\TMP.vcxproj" (Build target(s)).

Build succeeded.

Time Elapsed 00:00:02.37
